<?xml version="1.0" encoding="UTF-8"?>
<!-- Generated by org.testng.reporters.JUnitReportReporter -->
<testsuite hostname="LAPTOP-EHRJLOFV" failures="0" tests="1" name="tests.TS_FormFillupValid" time="46.347" errors="0" timestamp="2021-05-25T21:56:04 IST" skipped="0">
  <testcase classname="tests.TS_FormFillupValid" name="TC_validData" time="46.347"/>
</testsuite> <!-- tests.TS_FormFillupValid -->
