<?xml version="1.0" encoding="UTF-8"?>
<!-- Generated by org.testng.reporters.JUnitReportReporter -->
<testsuite hostname="LAPTOP-EHRJLOFV" failures="0" tests="3" name="tests.TS_FormFillupInvalid" time="45.002" errors="0" timestamp="2021-05-25T22:29:25 IST" skipped="0">
  <testcase classname="tests.TS_FormFillupInvalid" name="TC_InvalidEmail" time="25.192"/>
  <testcase classname="tests.TS_FormFillupInvalid" name="TC_wrongData1" time="9.759"/>
  <testcase classname="tests.TS_FormFillupInvalid" name="TC_wrongData2" time="10.051"/>
</testsuite> <!-- tests.TS_FormFillupInvalid -->
