<?xml version="1.0" encoding="UTF-8"?>
<!-- Generated by org.testng.reporters.JUnitReportReporter -->
<testsuite hostname="LAPTOP-EHRJLOFV" failures="0" tests="4" name="tests.TS_Filter" time="20.386" errors="0" timestamp="2021-05-25T22:18:39 IST" skipped="0">
  <testcase classname="tests.TS_Filter" name="languagesDisplayed" time="13.868"/>
  <testcase classname="tests.TS_Filter" name="extractLanguageDetails" time="5.981"/>
  <testcase classname="tests.TS_Filter" name="levelsDisplayed" time="0.255"/>
  <testcase classname="tests.TS_Filter" name="extractLevelsDetails" time="0.282"/>
</testsuite> <!-- tests.TS_Filter -->
