<?xml version="1.0" encoding="UTF-8"?>
<!-- Generated by org.testng.reporters.JUnitReportReporter -->
<testsuite hostname="LAPTOP-EHRJLOFV" failures="0" tests="6" name="tests.TS_CourseSearch" time="27.807" errors="0" timestamp="2021-05-25T22:17:43 IST" skipped="0">
  <testcase classname="tests.TS_CourseSearch" name="TC_SearchTextBox" time="1.468"/>
  <testcase classname="tests.TS_CourseSearch" name="TC_SearchButtonClickable" time="2.125"/>
  <testcase classname="tests.TS_CourseSearch" name="TC_FilterLanguage" time="5.684"/>
  <testcase classname="tests.TS_CourseSearch" name="TC_FilterLevel" time="3.719"/>
  <testcase classname="tests.TS_CourseSearch" name="TC_CourseAvailability" time="4.414"/>
  <testcase classname="tests.TS_CourseSearch" name="TC_CourseDuration" time="10.397"/>
</testsuite> <!-- tests.TS_CourseSearch -->
